Compiling the C compiler identification source file "CMakeCCompilerId.c" failed.
Compiler: /Applications/Xcode_15.0.0.app/Contents/Developer/Toolchains/XcodeDefault.xctoolchain/usr/bin/cc 
Build flags: 
Id flags:  

The output was:
1
ld: library 'System' not found
clang: error: linker command failed with exit code 1 (use -v to see invocation)


Determining if the include file sys/auxv.h exists failed with the following output:
Change Dir: /Users/jare8800/applications/qt/sdk/samples/ArcGISRuntimeSDKQt_SampleViewers/ArcGISRuntimeSDKQt_CppSamples/zlib-ng/build/CMakeFiles/CMakeTmp

Run Build Command(s):/usr/bin/make -f Makefile cmTC_38e5f/fast && /Applications/Xcode_15.0.0.app/Contents/Developer/usr/bin/make  -f CMakeFiles/cmTC_38e5f.dir/build.make CMakeFiles/cmTC_38e5f.dir/build
Building C object CMakeFiles/cmTC_38e5f.dir/CheckIncludeFile.c.o
/Applications/Xcode_15.0.0.app/Contents/Developer/Toolchains/XcodeDefault.xctoolchain/usr/bin/cc   -arch arm64 -isysroot /Applications/Xcode_15.0.0.app/Contents/Developer/Platforms/MacOSX.platform/Developer/SDKs/MacOSX14.0.sdk -mmacosx-version-min=13.6 -std=c11 -MD -MT CMakeFiles/cmTC_38e5f.dir/CheckIncludeFile.c.o -MF CMakeFiles/cmTC_38e5f.dir/CheckIncludeFile.c.o.d -o CMakeFiles/cmTC_38e5f.dir/CheckIncludeFile.c.o -c /Users/jare8800/applications/qt/sdk/samples/ArcGISRuntimeSDKQt_SampleViewers/ArcGISRuntimeSDKQt_CppSamples/zlib-ng/build/CMakeFiles/CMakeTmp/CheckIncludeFile.c
/Users/jare8800/applications/qt/sdk/samples/ArcGISRuntimeSDKQt_SampleViewers/ArcGISRuntimeSDKQt_CppSamples/zlib-ng/build/CMakeFiles/CMakeTmp/CheckIncludeFile.c:1:10: fatal error: 'sys/auxv.h' file not found
#include <sys/auxv.h>
         ^~~~~~~~~~~~
1 error generated.
make[1]: *** [CMakeFiles/cmTC_38e5f.dir/CheckIncludeFile.c.o] Error 1
make: *** [cmTC_38e5f/fast] Error 2



Determining size of off64_t failed with the following output:
Change Dir: /Users/jare8800/applications/qt/sdk/samples/ArcGISRuntimeSDKQt_SampleViewers/ArcGISRuntimeSDKQt_CppSamples/zlib-ng/build/CMakeFiles/CMakeTmp

Run Build Command(s):/usr/bin/make -f Makefile cmTC_9ee90/fast && /Applications/Xcode_15.0.0.app/Contents/Developer/usr/bin/make  -f CMakeFiles/cmTC_9ee90.dir/build.make CMakeFiles/cmTC_9ee90.dir/build
Building C object CMakeFiles/cmTC_9ee90.dir/OFF64_T.c.o
/Applications/Xcode_15.0.0.app/Contents/Developer/Toolchains/XcodeDefault.xctoolchain/usr/bin/cc -D_LARGEFILE64_SOURCE=1 -D__USE_LARGEFILE64  -arch arm64 -isysroot /Applications/Xcode_15.0.0.app/Contents/Developer/Platforms/MacOSX.platform/Developer/SDKs/MacOSX14.0.sdk -mmacosx-version-min=13.6 -std=c11 -MD -MT CMakeFiles/cmTC_9ee90.dir/OFF64_T.c.o -MF CMakeFiles/cmTC_9ee90.dir/OFF64_T.c.o.d -o CMakeFiles/cmTC_9ee90.dir/OFF64_T.c.o -c /Users/jare8800/applications/qt/sdk/samples/ArcGISRuntimeSDKQt_SampleViewers/ArcGISRuntimeSDKQt_CppSamples/zlib-ng/build/CMakeFiles/CheckTypeSize/OFF64_T.c
/Users/jare8800/applications/qt/sdk/samples/ArcGISRuntimeSDKQt_SampleViewers/ArcGISRuntimeSDKQt_CppSamples/zlib-ng/build/CMakeFiles/CheckTypeSize/OFF64_T.c:29:12: error: use of undeclared identifier 'off64_t'
  ('0' + ((SIZE / 10000)%10)),
           ^
/Users/jare8800/applications/qt/sdk/samples/ArcGISRuntimeSDKQt_SampleViewers/ArcGISRuntimeSDKQt_CppSamples/zlib-ng/build/CMakeFiles/CheckTypeSize/OFF64_T.c:27:22: note: expanded from macro 'SIZE'
#define SIZE (sizeof(off64_t))
                     ^
/Users/jare8800/applications/qt/sdk/samples/ArcGISRuntimeSDKQt_SampleViewers/ArcGISRuntimeSDKQt_CppSamples/zlib-ng/build/CMakeFiles/CheckTypeSize/OFF64_T.c:30:12: error: use of undeclared identifier 'off64_t'
  ('0' + ((SIZE / 1000)%10)),
           ^
/Users/jare8800/applications/qt/sdk/samples/ArcGISRuntimeSDKQt_SampleViewers/ArcGISRuntimeSDKQt_CppSamples/zlib-ng/build/CMakeFiles/CheckTypeSize/OFF64_T.c:27:22: note: expanded from macro 'SIZE'
#define SIZE (sizeof(off64_t))
                     ^
/Users/jare8800/applications/qt/sdk/samples/ArcGISRuntimeSDKQt_SampleViewers/ArcGISRuntimeSDKQt_CppSamples/zlib-ng/build/CMakeFiles/CheckTypeSize/OFF64_T.c:31:12: error: use of undeclared identifier 'off64_t'
  ('0' + ((SIZE / 100)%10)),
           ^
/Users/jare8800/applications/qt/sdk/samples/ArcGISRuntimeSDKQt_SampleViewers/ArcGISRuntimeSDKQt_CppSamples/zlib-ng/build/CMakeFiles/CheckTypeSize/OFF64_T.c:27:22: note: expanded from macro 'SIZE'
#define SIZE (sizeof(off64_t))
                     ^
/Users/jare8800/applications/qt/sdk/samples/ArcGISRuntimeSDKQt_SampleViewers/ArcGISRuntimeSDKQt_CppSamples/zlib-ng/build/CMakeFiles/CheckTypeSize/OFF64_T.c:32:12: error: use of undeclared identifier 'off64_t'
  ('0' + ((SIZE / 10)%10)),
           ^
/Users/jare8800/applications/qt/sdk/samples/ArcGISRuntimeSDKQt_SampleViewers/ArcGISRuntimeSDKQt_CppSamples/zlib-ng/build/CMakeFiles/CheckTypeSize/OFF64_T.c:27:22: note: expanded from macro 'SIZE'
#define SIZE (sizeof(off64_t))
                     ^
/Users/jare8800/applications/qt/sdk/samples/ArcGISRuntimeSDKQt_SampleViewers/ArcGISRuntimeSDKQt_CppSamples/zlib-ng/build/CMakeFiles/CheckTypeSize/OFF64_T.c:33:12: error: use of undeclared identifier 'off64_t'
  ('0' +  (SIZE    % 10)),
           ^
/Users/jare8800/applications/qt/sdk/samples/ArcGISRuntimeSDKQt_SampleViewers/ArcGISRuntimeSDKQt_CppSamples/zlib-ng/build/CMakeFiles/CheckTypeSize/OFF64_T.c:27:22: note: expanded from macro 'SIZE'
#define SIZE (sizeof(off64_t))
                     ^
5 errors generated.
make[1]: *** [CMakeFiles/cmTC_9ee90.dir/OFF64_T.c.o] Error 1
make: *** [cmTC_9ee90/fast] Error 2


/Users/jare8800/applications/qt/sdk/samples/ArcGISRuntimeSDKQt_SampleViewers/ArcGISRuntimeSDKQt_CppSamples/zlib-ng/build/CMakeFiles/CheckTypeSize/OFF64_T.c:
#include <sys/types.h>
#include <stdint.h>
#include <stddef.h>


#undef KEY
#if defined(__i386)
# define KEY '_','_','i','3','8','6'
#elif defined(__x86_64)
# define KEY '_','_','x','8','6','_','6','4'
#elif defined(__PPC64__)
# define KEY '_','_','P','P','C','6','4','_','_'
#elif defined(__ppc64__)
# define KEY '_','_','p','p','c','6','4','_','_'
#elif defined(__PPC__)
# define KEY '_','_','P','P','C','_','_'
#elif defined(__ppc__)
# define KEY '_','_','p','p','c','_','_'
#elif defined(__aarch64__)
# define KEY '_','_','a','a','r','c','h','6','4','_','_'
#elif defined(__ARM_ARCH_7A__)
# define KEY '_','_','A','R','M','_','A','R','C','H','_','7','A','_','_'
#elif defined(__ARM_ARCH_7S__)
# define KEY '_','_','A','R','M','_','A','R','C','H','_','7','S','_','_'
#endif

#define SIZE (sizeof(off64_t))
static char info_size[] =  {'I', 'N', 'F', 'O', ':', 's','i','z','e','[',
  ('0' + ((SIZE / 10000)%10)),
  ('0' + ((SIZE / 1000)%10)),
  ('0' + ((SIZE / 100)%10)),
  ('0' + ((SIZE / 10)%10)),
  ('0' +  (SIZE    % 10)),
  ']',
#ifdef KEY
  ' ','k','e','y','[', KEY, ']',
#endif
  '\0'};

#ifdef __CLASSIC_C__
int main(argc, argv) int argc; char *argv[];
#else
int main(int argc, char *argv[])
#endif
{
  int require = 0;
  require += info_size[argc];
  (void)argv;
  return require;
}


Determining size of _off64_t failed with the following output:
Change Dir: /Users/jare8800/applications/qt/sdk/samples/ArcGISRuntimeSDKQt_SampleViewers/ArcGISRuntimeSDKQt_CppSamples/zlib-ng/build/CMakeFiles/CMakeTmp

Run Build Command(s):/usr/bin/make -f Makefile cmTC_dc3f6/fast && /Applications/Xcode_15.0.0.app/Contents/Developer/usr/bin/make  -f CMakeFiles/cmTC_dc3f6.dir/build.make CMakeFiles/cmTC_dc3f6.dir/build
Building C object CMakeFiles/cmTC_dc3f6.dir/_OFF64_T.c.o
/Applications/Xcode_15.0.0.app/Contents/Developer/Toolchains/XcodeDefault.xctoolchain/usr/bin/cc -D_LARGEFILE64_SOURCE=1 -D__USE_LARGEFILE64  -arch arm64 -isysroot /Applications/Xcode_15.0.0.app/Contents/Developer/Platforms/MacOSX.platform/Developer/SDKs/MacOSX14.0.sdk -mmacosx-version-min=13.6 -std=c11 -MD -MT CMakeFiles/cmTC_dc3f6.dir/_OFF64_T.c.o -MF CMakeFiles/cmTC_dc3f6.dir/_OFF64_T.c.o.d -o CMakeFiles/cmTC_dc3f6.dir/_OFF64_T.c.o -c /Users/jare8800/applications/qt/sdk/samples/ArcGISRuntimeSDKQt_SampleViewers/ArcGISRuntimeSDKQt_CppSamples/zlib-ng/build/CMakeFiles/CheckTypeSize/_OFF64_T.c
/Users/jare8800/applications/qt/sdk/samples/ArcGISRuntimeSDKQt_SampleViewers/ArcGISRuntimeSDKQt_CppSamples/zlib-ng/build/CMakeFiles/CheckTypeSize/_OFF64_T.c:29:12: error: use of undeclared identifier '_off64_t'
  ('0' + ((SIZE / 10000)%10)),
           ^
/Users/jare8800/applications/qt/sdk/samples/ArcGISRuntimeSDKQt_SampleViewers/ArcGISRuntimeSDKQt_CppSamples/zlib-ng/build/CMakeFiles/CheckTypeSize/_OFF64_T.c:27:22: note: expanded from macro 'SIZE'
#define SIZE (sizeof(_off64_t))
                     ^
/Users/jare8800/applications/qt/sdk/samples/ArcGISRuntimeSDKQt_SampleViewers/ArcGISRuntimeSDKQt_CppSamples/zlib-ng/build/CMakeFiles/CheckTypeSize/_OFF64_T.c:30:12: error: use of undeclared identifier '_off64_t'
  ('0' + ((SIZE / 1000)%10)),
           ^
/Users/jare8800/applications/qt/sdk/samples/ArcGISRuntimeSDKQt_SampleViewers/ArcGISRuntimeSDKQt_CppSamples/zlib-ng/build/CMakeFiles/CheckTypeSize/_OFF64_T.c:27:22: note: expanded from macro 'SIZE'
#define SIZE (sizeof(_off64_t))
                     ^
/Users/jare8800/applications/qt/sdk/samples/ArcGISRuntimeSDKQt_SampleViewers/ArcGISRuntimeSDKQt_CppSamples/zlib-ng/build/CMakeFiles/CheckTypeSize/_OFF64_T.c:31:12: error: use of undeclared identifier '_off64_t'
  ('0' + ((SIZE / 100)%10)),
           ^
/Users/jare8800/applications/qt/sdk/samples/ArcGISRuntimeSDKQt_SampleViewers/ArcGISRuntimeSDKQt_CppSamples/zlib-ng/build/CMakeFiles/CheckTypeSize/_OFF64_T.c:27:22: note: expanded from macro 'SIZE'
#define SIZE (sizeof(_off64_t))
                     ^
/Users/jare8800/applications/qt/sdk/samples/ArcGISRuntimeSDKQt_SampleViewers/ArcGISRuntimeSDKQt_CppSamples/zlib-ng/build/CMakeFiles/CheckTypeSize/_OFF64_T.c:32:12: error: use of undeclared identifier '_off64_t'
  ('0' + ((SIZE / 10)%10)),
           ^
/Users/jare8800/applications/qt/sdk/samples/ArcGISRuntimeSDKQt_SampleViewers/ArcGISRuntimeSDKQt_CppSamples/zlib-ng/build/CMakeFiles/CheckTypeSize/_OFF64_T.c:27:22: note: expanded from macro 'SIZE'
#define SIZE (sizeof(_off64_t))
                     ^
/Users/jare8800/applications/qt/sdk/samples/ArcGISRuntimeSDKQt_SampleViewers/ArcGISRuntimeSDKQt_CppSamples/zlib-ng/build/CMakeFiles/CheckTypeSize/_OFF64_T.c:33:12: error: use of undeclared identifier '_off64_t'
  ('0' +  (SIZE    % 10)),
           ^
/Users/jare8800/applications/qt/sdk/samples/ArcGISRuntimeSDKQt_SampleViewers/ArcGISRuntimeSDKQt_CppSamples/zlib-ng/build/CMakeFiles/CheckTypeSize/_OFF64_T.c:27:22: note: expanded from macro 'SIZE'
#define SIZE (sizeof(_off64_t))
                     ^
5 errors generated.
make[1]: *** [CMakeFiles/cmTC_dc3f6.dir/_OFF64_T.c.o] Error 1
make: *** [cmTC_dc3f6/fast] Error 2


/Users/jare8800/applications/qt/sdk/samples/ArcGISRuntimeSDKQt_SampleViewers/ArcGISRuntimeSDKQt_CppSamples/zlib-ng/build/CMakeFiles/CheckTypeSize/_OFF64_T.c:
#include <sys/types.h>
#include <stdint.h>
#include <stddef.h>


#undef KEY
#if defined(__i386)
# define KEY '_','_','i','3','8','6'
#elif defined(__x86_64)
# define KEY '_','_','x','8','6','_','6','4'
#elif defined(__PPC64__)
# define KEY '_','_','P','P','C','6','4','_','_'
#elif defined(__ppc64__)
# define KEY '_','_','p','p','c','6','4','_','_'
#elif defined(__PPC__)
# define KEY '_','_','P','P','C','_','_'
#elif defined(__ppc__)
# define KEY '_','_','p','p','c','_','_'
#elif defined(__aarch64__)
# define KEY '_','_','a','a','r','c','h','6','4','_','_'
#elif defined(__ARM_ARCH_7A__)
# define KEY '_','_','A','R','M','_','A','R','C','H','_','7','A','_','_'
#elif defined(__ARM_ARCH_7S__)
# define KEY '_','_','A','R','M','_','A','R','C','H','_','7','S','_','_'
#endif

#define SIZE (sizeof(_off64_t))
static char info_size[] =  {'I', 'N', 'F', 'O', ':', 's','i','z','e','[',
  ('0' + ((SIZE / 10000)%10)),
  ('0' + ((SIZE / 1000)%10)),
  ('0' + ((SIZE / 100)%10)),
  ('0' + ((SIZE / 10)%10)),
  ('0' +  (SIZE    % 10)),
  ']',
#ifdef KEY
  ' ','k','e','y','[', KEY, ']',
#endif
  '\0'};

#ifdef __CLASSIC_C__
int main(argc, argv) int argc; char *argv[];
#else
int main(int argc, char *argv[])
#endif
{
  int require = 0;
  require += info_size[argc];
  (void)argv;
  return require;
}


Determining size of __off64_t failed with the following output:
Change Dir: /Users/jare8800/applications/qt/sdk/samples/ArcGISRuntimeSDKQt_SampleViewers/ArcGISRuntimeSDKQt_CppSamples/zlib-ng/build/CMakeFiles/CMakeTmp

Run Build Command(s):/usr/bin/make -f Makefile cmTC_f260e/fast && /Applications/Xcode_15.0.0.app/Contents/Developer/usr/bin/make  -f CMakeFiles/cmTC_f260e.dir/build.make CMakeFiles/cmTC_f260e.dir/build
Building C object CMakeFiles/cmTC_f260e.dir/__OFF64_T.c.o
/Applications/Xcode_15.0.0.app/Contents/Developer/Toolchains/XcodeDefault.xctoolchain/usr/bin/cc -D_LARGEFILE64_SOURCE=1 -D__USE_LARGEFILE64  -arch arm64 -isysroot /Applications/Xcode_15.0.0.app/Contents/Developer/Platforms/MacOSX.platform/Developer/SDKs/MacOSX14.0.sdk -mmacosx-version-min=13.6 -std=c11 -MD -MT CMakeFiles/cmTC_f260e.dir/__OFF64_T.c.o -MF CMakeFiles/cmTC_f260e.dir/__OFF64_T.c.o.d -o CMakeFiles/cmTC_f260e.dir/__OFF64_T.c.o -c /Users/jare8800/applications/qt/sdk/samples/ArcGISRuntimeSDKQt_SampleViewers/ArcGISRuntimeSDKQt_CppSamples/zlib-ng/build/CMakeFiles/CheckTypeSize/__OFF64_T.c
/Users/jare8800/applications/qt/sdk/samples/ArcGISRuntimeSDKQt_SampleViewers/ArcGISRuntimeSDKQt_CppSamples/zlib-ng/build/CMakeFiles/CheckTypeSize/__OFF64_T.c:29:12: error: use of undeclared identifier '__off64_t'
  ('0' + ((SIZE / 10000)%10)),
           ^
/Users/jare8800/applications/qt/sdk/samples/ArcGISRuntimeSDKQt_SampleViewers/ArcGISRuntimeSDKQt_CppSamples/zlib-ng/build/CMakeFiles/CheckTypeSize/__OFF64_T.c:27:22: note: expanded from macro 'SIZE'
#define SIZE (sizeof(__off64_t))
                     ^
/Users/jare8800/applications/qt/sdk/samples/ArcGISRuntimeSDKQt_SampleViewers/ArcGISRuntimeSDKQt_CppSamples/zlib-ng/build/CMakeFiles/CheckTypeSize/__OFF64_T.c:30:12: error: use of undeclared identifier '__off64_t'
  ('0' + ((SIZE / 1000)%10)),
           ^
/Users/jare8800/applications/qt/sdk/samples/ArcGISRuntimeSDKQt_SampleViewers/ArcGISRuntimeSDKQt_CppSamples/zlib-ng/build/CMakeFiles/CheckTypeSize/__OFF64_T.c:27:22: note: expanded from macro 'SIZE'
#define SIZE (sizeof(__off64_t))
                     ^
/Users/jare8800/applications/qt/sdk/samples/ArcGISRuntimeSDKQt_SampleViewers/ArcGISRuntimeSDKQt_CppSamples/zlib-ng/build/CMakeFiles/CheckTypeSize/__OFF64_T.c:31:12: error: use of undeclared identifier '__off64_t'
  ('0' + ((SIZE / 100)%10)),
           ^
/Users/jare8800/applications/qt/sdk/samples/ArcGISRuntimeSDKQt_SampleViewers/ArcGISRuntimeSDKQt_CppSamples/zlib-ng/build/CMakeFiles/CheckTypeSize/__OFF64_T.c:27:22: note: expanded from macro 'SIZE'
#define SIZE (sizeof(__off64_t))
                     ^
/Users/jare8800/applications/qt/sdk/samples/ArcGISRuntimeSDKQt_SampleViewers/ArcGISRuntimeSDKQt_CppSamples/zlib-ng/build/CMakeFiles/CheckTypeSize/__OFF64_T.c:32:12: error: use of undeclared identifier '__off64_t'
  ('0' + ((SIZE / 10)%10)),
           ^
/Users/jare8800/applications/qt/sdk/samples/ArcGISRuntimeSDKQt_SampleViewers/ArcGISRuntimeSDKQt_CppSamples/zlib-ng/build/CMakeFiles/CheckTypeSize/__OFF64_T.c:27:22: note: expanded from macro 'SIZE'
#define SIZE (sizeof(__off64_t))
                     ^
/Users/jare8800/applications/qt/sdk/samples/ArcGISRuntimeSDKQt_SampleViewers/ArcGISRuntimeSDKQt_CppSamples/zlib-ng/build/CMakeFiles/CheckTypeSize/__OFF64_T.c:33:12: error: use of undeclared identifier '__off64_t'
  ('0' +  (SIZE    % 10)),
           ^
/Users/jare8800/applications/qt/sdk/samples/ArcGISRuntimeSDKQt_SampleViewers/ArcGISRuntimeSDKQt_CppSamples/zlib-ng/build/CMakeFiles/CheckTypeSize/__OFF64_T.c:27:22: note: expanded from macro 'SIZE'
#define SIZE (sizeof(__off64_t))
                     ^
5 errors generated.
make[1]: *** [CMakeFiles/cmTC_f260e.dir/__OFF64_T.c.o] Error 1
make: *** [cmTC_f260e/fast] Error 2


/Users/jare8800/applications/qt/sdk/samples/ArcGISRuntimeSDKQt_SampleViewers/ArcGISRuntimeSDKQt_CppSamples/zlib-ng/build/CMakeFiles/CheckTypeSize/__OFF64_T.c:
#include <sys/types.h>
#include <stdint.h>
#include <stddef.h>


#undef KEY
#if defined(__i386)
# define KEY '_','_','i','3','8','6'
#elif defined(__x86_64)
# define KEY '_','_','x','8','6','_','6','4'
#elif defined(__PPC64__)
# define KEY '_','_','P','P','C','6','4','_','_'
#elif defined(__ppc64__)
# define KEY '_','_','p','p','c','6','4','_','_'
#elif defined(__PPC__)
# define KEY '_','_','P','P','C','_','_'
#elif defined(__ppc__)
# define KEY '_','_','p','p','c','_','_'
#elif defined(__aarch64__)
# define KEY '_','_','a','a','r','c','h','6','4','_','_'
#elif defined(__ARM_ARCH_7A__)
# define KEY '_','_','A','R','M','_','A','R','C','H','_','7','A','_','_'
#elif defined(__ARM_ARCH_7S__)
# define KEY '_','_','A','R','M','_','A','R','C','H','_','7','S','_','_'
#endif

#define SIZE (sizeof(__off64_t))
static char info_size[] =  {'I', 'N', 'F', 'O', ':', 's','i','z','e','[',
  ('0' + ((SIZE / 10000)%10)),
  ('0' + ((SIZE / 1000)%10)),
  ('0' + ((SIZE / 100)%10)),
  ('0' + ((SIZE / 10)%10)),
  ('0' +  (SIZE    % 10)),
  ']',
#ifdef KEY
  ' ','k','e','y','[', KEY, ']',
#endif
  '\0'};

#ifdef __CLASSIC_C__
int main(argc, argv) int argc; char *argv[];
#else
int main(int argc, char *argv[])
#endif
{
  int require = 0;
  require += info_size[argc];
  (void)argv;
  return require;
}


Performing C SOURCE FILE Test HAVE_MARCH_ARMV6 failed with the following output:
Change Dir: /Users/jare8800/applications/qt/sdk/samples/ArcGISRuntimeSDKQt_SampleViewers/ArcGISRuntimeSDKQt_CppSamples/zlib-ng/build/CMakeFiles/CMakeTmp

Run Build Command(s):/usr/bin/make -f Makefile cmTC_3b635/fast && /Applications/Xcode_15.0.0.app/Contents/Developer/usr/bin/make  -f CMakeFiles/cmTC_3b635.dir/build.make CMakeFiles/cmTC_3b635.dir/build
Building C object CMakeFiles/cmTC_3b635.dir/src.c.o
/Applications/Xcode_15.0.0.app/Contents/Developer/Toolchains/XcodeDefault.xctoolchain/usr/bin/cc -DHAVE_MARCH_ARMV6  -arch arm64 -isysroot /Applications/Xcode_15.0.0.app/Contents/Developer/Platforms/MacOSX.platform/Developer/SDKs/MacOSX14.0.sdk -mmacosx-version-min=13.6   -march=armv6 -std=c11 -MD -MT CMakeFiles/cmTC_3b635.dir/src.c.o -MF CMakeFiles/cmTC_3b635.dir/src.c.o.d -o CMakeFiles/cmTC_3b635.dir/src.c.o -c /Users/jare8800/applications/qt/sdk/samples/ArcGISRuntimeSDKQt_SampleViewers/ArcGISRuntimeSDKQt_CppSamples/zlib-ng/build/CMakeFiles/CMakeTmp/src.c
clang: error: unsupported argument 'armv6' to option '-march='
make[1]: *** [CMakeFiles/cmTC_3b635.dir/src.c.o] Error 1
make: *** [cmTC_3b635/fast] Error 2


Source file was:
int main(void) { return 0; }
Performing C SOURCE FILE Test HAVE_ARMV6_INLINE_ASM failed with the following output:
Change Dir: /Users/jare8800/applications/qt/sdk/samples/ArcGISRuntimeSDKQt_SampleViewers/ArcGISRuntimeSDKQt_CppSamples/zlib-ng/build/CMakeFiles/CMakeTmp

Run Build Command(s):/usr/bin/make -f Makefile cmTC_0f5ba/fast && /Applications/Xcode_15.0.0.app/Contents/Developer/usr/bin/make  -f CMakeFiles/cmTC_0f5ba.dir/build.make CMakeFiles/cmTC_0f5ba.dir/build
Building C object CMakeFiles/cmTC_0f5ba.dir/src.c.o
/Applications/Xcode_15.0.0.app/Contents/Developer/Toolchains/XcodeDefault.xctoolchain/usr/bin/cc -DHAVE_ARMV6_INLINE_ASM  -fno-lto -arch arm64 -isysroot /Applications/Xcode_15.0.0.app/Contents/Developer/Platforms/MacOSX.platform/Developer/SDKs/MacOSX14.0.sdk -mmacosx-version-min=13.6 -std=c11 -MD -MT CMakeFiles/cmTC_0f5ba.dir/src.c.o -MF CMakeFiles/cmTC_0f5ba.dir/src.c.o.d -o CMakeFiles/cmTC_0f5ba.dir/src.c.o -c /Users/jare8800/applications/qt/sdk/samples/ArcGISRuntimeSDKQt_SampleViewers/ArcGISRuntimeSDKQt_CppSamples/zlib-ng/build/CMakeFiles/CMakeTmp/src.c
/Users/jare8800/applications/qt/sdk/samples/ArcGISRuntimeSDKQt_SampleViewers/ArcGISRuntimeSDKQt_CppSamples/zlib-ng/build/CMakeFiles/CMakeTmp/src.c:3:65: warning: value size does not match register size specified by the constraint and modifier [-Wasm-operand-widths]
            __asm__ __volatile__ ( "uqsub16 %0, %1, %2" : "=r" (c) : "r" (a), "r" (b) );
                                                                ^
/Users/jare8800/applications/qt/sdk/samples/ArcGISRuntimeSDKQt_SampleViewers/ArcGISRuntimeSDKQt_CppSamples/zlib-ng/build/CMakeFiles/CMakeTmp/src.c:3:45: note: use constraint modifier "w"
            __asm__ __volatile__ ( "uqsub16 %0, %1, %2" : "=r" (c) : "r" (a), "r" (b) );
                                            ^~
                                            %w0
/Users/jare8800/applications/qt/sdk/samples/ArcGISRuntimeSDKQt_SampleViewers/ArcGISRuntimeSDKQt_CppSamples/zlib-ng/build/CMakeFiles/CMakeTmp/src.c:3:75: warning: value size does not match register size specified by the constraint and modifier [-Wasm-operand-widths]
            __asm__ __volatile__ ( "uqsub16 %0, %1, %2" : "=r" (c) : "r" (a), "r" (b) );
                                                                          ^
/Users/jare8800/applications/qt/sdk/samples/ArcGISRuntimeSDKQt_SampleViewers/ArcGISRuntimeSDKQt_CppSamples/zlib-ng/build/CMakeFiles/CMakeTmp/src.c:3:49: note: use constraint modifier "w"
            __asm__ __volatile__ ( "uqsub16 %0, %1, %2" : "=r" (c) : "r" (a), "r" (b) );
                                                ^~
                                                %w1
/Users/jare8800/applications/qt/sdk/samples/ArcGISRuntimeSDKQt_SampleViewers/ArcGISRuntimeSDKQt_CppSamples/zlib-ng/build/CMakeFiles/CMakeTmp/src.c:3:84: warning: value size does not match register size specified by the constraint and modifier [-Wasm-operand-widths]
            __asm__ __volatile__ ( "uqsub16 %0, %1, %2" : "=r" (c) : "r" (a), "r" (b) );
                                                                                   ^
/Users/jare8800/applications/qt/sdk/samples/ArcGISRuntimeSDKQt_SampleViewers/ArcGISRuntimeSDKQt_CppSamples/zlib-ng/build/CMakeFiles/CMakeTmp/src.c:3:53: note: use constraint modifier "w"
            __asm__ __volatile__ ( "uqsub16 %0, %1, %2" : "=r" (c) : "r" (a), "r" (b) );
                                                    ^~
                                                    %w2
/Users/jare8800/applications/qt/sdk/samples/ArcGISRuntimeSDKQt_SampleViewers/ArcGISRuntimeSDKQt_CppSamples/zlib-ng/build/CMakeFiles/CMakeTmp/src.c:3:36: error: unrecognized instruction mnemonic, did you mean: uqsub?
            __asm__ __volatile__ ( "uqsub16 %0, %1, %2" : "=r" (c) : "r" (a), "r" (b) );
                                   ^
<inline asm>:1:2: note: instantiated into assembly here
        uqsub16 x8, x8, x9
        ^
3 warnings and 1 error generated.
make[1]: *** [CMakeFiles/cmTC_0f5ba.dir/src.c.o] Error 1
make: *** [cmTC_0f5ba/fast] Error 2


Source file was:
unsigned int f(unsigned int a, unsigned int b) {
            unsigned int c;
            __asm__ __volatile__ ( "uqsub16 %0, %1, %2" : "=r" (c) : "r" (a), "r" (b) );
            return (int)c;
        }
        int main(void) { return f(1,2); }
Performing C SOURCE FILE Test HAVE_ARMV6_INTRIN failed with the following output:
Change Dir: /Users/jare8800/applications/qt/sdk/samples/ArcGISRuntimeSDKQt_SampleViewers/ArcGISRuntimeSDKQt_CppSamples/zlib-ng/build/CMakeFiles/CMakeTmp

Run Build Command(s):/usr/bin/make -f Makefile cmTC_1d088/fast && /Applications/Xcode_15.0.0.app/Contents/Developer/usr/bin/make  -f CMakeFiles/cmTC_1d088.dir/build.make CMakeFiles/cmTC_1d088.dir/build
Building C object CMakeFiles/cmTC_1d088.dir/src.c.o
/Applications/Xcode_15.0.0.app/Contents/Developer/Toolchains/XcodeDefault.xctoolchain/usr/bin/cc -DHAVE_ARMV6_INTRIN  -fno-lto -arch arm64 -isysroot /Applications/Xcode_15.0.0.app/Contents/Developer/Platforms/MacOSX.platform/Developer/SDKs/MacOSX14.0.sdk -mmacosx-version-min=13.6 -std=c11 -MD -MT CMakeFiles/cmTC_1d088.dir/src.c.o -MF CMakeFiles/cmTC_1d088.dir/src.c.o.d -o CMakeFiles/cmTC_1d088.dir/src.c.o -c /Users/jare8800/applications/qt/sdk/samples/ArcGISRuntimeSDKQt_SampleViewers/ArcGISRuntimeSDKQt_CppSamples/zlib-ng/build/CMakeFiles/CMakeTmp/src.c
/Users/jare8800/applications/qt/sdk/samples/ArcGISRuntimeSDKQt_SampleViewers/ArcGISRuntimeSDKQt_CppSamples/zlib-ng/build/CMakeFiles/CMakeTmp/src.c:10:20: error: call to undeclared function '__uqsub16'; ISO C99 and later do not support implicit function declarations [-Wimplicit-function-declaration]
            return __uqsub16(a, b);
                   ^
1 error generated.
make[1]: *** [CMakeFiles/cmTC_1d088.dir/src.c.o] Error 1
make: *** [cmTC_1d088/fast] Error 2


Source file was:
#if defined(_MSC_VER)
        #include <intrin.h>
        #else
        #include <arm_acle.h>
        #endif
        unsigned int f(unsigned int a, unsigned int b) {
        #if defined(_MSC_VER)
            return _arm_uqsub16(a, b);
        #else
            return __uqsub16(a, b);
        #endif
        }
        int main(void) { return 0; }
